{"uid":"fb65ad2536d37ea7","name":"User should be able to run build type with command line `Hello world!` ","fullName":"com.example.teamcity.ui.RunBuildTypeTest.userRunBuildTypeTest","historyId":"7d3caadaaa7798d47cc3ea110737d631","time":{"start":1731944646476,"stop":1731944659981,"duration":13505},"status":"failed","statusMessage":"Element not found {span[aria-label*='#1']}\nExpected: visible\nScreenshot: file:/home/runner/work/teamcity-testing-framework/teamcity-testing-framework/build/reports/tests/1731944659381.0.png\nPage source: file:/home/runner/work/teamcity-testing-framework/teamcity-testing-framework/build/reports/tests/1731944659381.0.html\nTimeout: 4 s.\nCaused by: NoSuchElementException: no such element: Unable to locate element: {\"method\":\"css selector\",\"selector\":\"span[aria-label*='#1']\"}","statusTrace":"Element not found {span[aria-label*='#1']}\nExpected: visible\nScreenshot: file:/home/runner/work/teamcity-testing-framework/teamcity-testing-framework/build/reports/tests/1731944659381.0.png\nPage source: file:/home/runner/work/teamcity-testing-framework/teamcity-testing-framework/build/reports/tests/1731944659381.0.html\nTimeout: 4 s.\nCaused by: NoSuchElementException: no such element: Unable to locate element: {\"method\":\"css selector\",\"selector\":\"span[aria-label*='#1']\"}\n\tat com.codeborne.selenide.impl.WebElementSource.createElementNotFoundError(WebElementSource.java:90)\n\tat com.codeborne.selenide.impl.ElementFinder.createElementNotFoundError(ElementFinder.java:142)\n\tat com.codeborne.selenide.impl.WebElementSource.handleError(WebElementSource.java:142)\n\tat com.codeborne.selenide.impl.WebElementSource.checkConditionAndReturnElement(WebElementSource.java:126)\n\tat com.codeborne.selenide.impl.WebElementSource.checkCondition(WebElementSource.java:103)\n\tat com.codeborne.selenide.commands.Should.execute(Should.java:30)\n\tat com.codeborne.selenide.commands.Should.execute(Should.java:14)\n\tat com.codeborne.selenide.commands.Commands.execute(Commands.java:162)\n\tat com.codeborne.selenide.impl.SelenideElementProxy.dispatchAndRetry(SelenideElementProxy.java:134)\n\tat com.codeborne.selenide.impl.SelenideElementProxy.invoke(SelenideElementProxy.java:86)\n\tat jdk.proxy2/jdk.proxy2.$Proxy32.shouldBe(Unknown Source)\n\tat com.example.teamcity.ui.pages.BuildConfigurationPage.clickBuildElement(BuildConfigurationPage.java:51)\n\tat com.example.teamcity.ui.RunBuildTypeTest.userRunBuildTypeTest(RunBuildTypeTest.java:40)\n\tat java.base/jdk.internal.reflect.NativeMethodAccessorImpl.invoke0(Native Method)\n\tat java.base/jdk.internal.reflect.NativeMethodAccessorImpl.invoke(NativeMethodAccessorImpl.java:77)\n\tat java.base/jdk.internal.reflect.DelegatingMethodAccessorImpl.invoke(DelegatingMethodAccessorImpl.java:43)\n\tat java.base/java.lang.reflect.Method.invoke(Method.java:569)\n\tat org.testng.internal.invokers.MethodInvocationHelper.invokeMethod(MethodInvocationHelper.java:141)\n\tat org.testng.internal.invokers.TestInvoker.invokeMethod(TestInvoker.java:686)\n\tat org.testng.internal.invokers.TestInvoker.invokeTestMethod(TestInvoker.java:230)\n\tat org.testng.internal.invokers.MethodRunner.runInSequence(MethodRunner.java:63)\n\tat org.testng.internal.invokers.TestInvoker$MethodInvocationAgent.invoke(TestInvoker.java:992)\n\tat org.testng.internal.invokers.TestInvoker.invokeTestMethods(TestInvoker.java:203)\n\tat org.testng.internal.invokers.TestMethodWorker.invokeTestMethods(TestMethodWorker.java:154)\n\tat org.testng.internal.invokers.TestMethodWorker.run(TestMethodWorker.java:134)\n\tat java.base/java.util.ArrayList.forEach(ArrayList.java:1511)\n\tat org.testng.TestRunner.privateRun(TestRunner.java:739)\n\tat org.testng.TestRunner.run(TestRunner.java:614)\n\tat org.testng.SuiteRunner.runTest(SuiteRunner.java:421)\n\tat org.testng.SuiteRunner.runSequentially(SuiteRunner.java:413)\n\tat org.testng.SuiteRunner.privateRun(SuiteRunner.java:373)\n\tat org.testng.SuiteRunner.run(SuiteRunner.java:312)\n\tat org.testng.SuiteRunnerWorker.runSuite(SuiteRunnerWorker.java:52)\n\tat org.testng.SuiteRunnerWorker.run(SuiteRunnerWorker.java:95)\n\tat org.testng.TestNG.runSuitesSequentially(TestNG.java:1274)\n\tat org.testng.TestNG.runSuitesLocally(TestNG.java:1208)\n\tat org.testng.TestNG.runSuites(TestNG.java:1112)\n\tat org.testng.TestNG.run(TestNG.java:1079)\n\tat org.apache.maven.surefire.testng.TestNGExecutor.run(TestNGExecutor.java:155)\n\tat org.apache.maven.surefire.testng.TestNGDirectoryTestSuite.executeMulti(TestNGDirectoryTestSuite.java:169)\n\tat org.apache.maven.surefire.testng.TestNGDirectoryTestSuite.execute(TestNGDirectoryTestSuite.java:88)\n\tat org.apache.maven.surefire.testng.TestNGProvider.invoke(TestNGProvider.java:137)\n\tat org.apache.maven.surefire.booter.ForkedBooter.runSuitesInProcess(ForkedBooter.java:385)\n\tat org.apache.maven.surefire.booter.ForkedBooter.execute(ForkedBooter.java:162)\n\tat org.apache.maven.surefire.booter.ForkedBooter.run(ForkedBooter.java:507)\n\tat org.apache.maven.surefire.booter.ForkedBooter.main(ForkedBooter.java:495)\nCaused by: org.openqa.selenium.NoSuchElementException: no such element: Unable to locate element: {\"method\":\"css selector\",\"selector\":\"span[aria-label*='#1']\"}\n  (Session info: chrome=121.0.6167.85)\nFor documentation on this error, please visit: https://www.selenium.dev/documentation/webdriver/troubleshooting/errors#no-such-element-exception\nBuild info: version: '4.19.1', revision: 'abe0ee07dc'\nSystem info: os.name: 'Linux', os.arch: 'amd64', os.version: '6.5.0-1025-azure', java.version: '17.0.13'\nDriver info: org.openqa.selenium.remote.RemoteWebDriver\nCommand: [a66de90d7eb3e7d81a7ecc1d6d96cc2a, findElement {using=css selector, value=span[aria-label*='#1']}]\nCapabilities {acceptInsecureCerts: true, browserName: chrome, browserVersion: 121.0.6167.85, chrome: {chromedriverVersion: 121.0.6167.85 (3f98d690ad7e..., userDataDir: /tmp/.org.chromium.Chromium...}, fedcm:accounts: true, goog:chromeOptions: {debuggerAddress: localhost:43471}, networkConnectionEnabled: false, pageLoadStrategy: normal, platformName: linux, proxy: Proxy(), se:cdp: ws://localhost:4444/devtool..., se:cdpVersion: 121.0.6167.85, setWindowRect: true, strictFileInteractability: false, timeouts: {implicit: 0, pageLoad: 300000, script: 30000}, unhandledPromptBehavior: accept, webauthn:extension:credBlob: true, webauthn:extension:largeBlob: true, webauthn:extension:minPinLength: true, webauthn:extension:prf: true, webauthn:virtualAuthenticators: true}\nSession ID: a66de90d7eb3e7d81a7ecc1d6d96cc2a\n\tat jdk.internal.reflect.GeneratedConstructorAccessor20.newInstance(Unknown Source)\n\tat java.base/jdk.internal.reflect.DelegatingConstructorAccessorImpl.newInstance(DelegatingConstructorAccessorImpl.java:45)\n\tat java.base/java.lang.reflect.Constructor.newInstanceWithCaller(Constructor.java:500)\n\tat java.base/java.lang.reflect.Constructor.newInstance(Constructor.java:481)\n\tat org.openqa.selenium.remote.ErrorCodec.decode(ErrorCodec.java:167)\n\tat org.openqa.selenium.remote.codec.w3c.W3CHttpResponseCodec.decode(W3CHttpResponseCodec.java:138)\n\tat org.openqa.selenium.remote.codec.w3c.W3CHttpResponseCodec.decode(W3CHttpResponseCodec.java:50)\n\tat org.openqa.selenium.remote.HttpCommandExecutor.execute(HttpCommandExecutor.java:190)\n\tat org.openqa.selenium.remote.RemoteWebDriver.execute(RemoteWebDriver.java:518)\n\tat org.openqa.selenium.remote.ElementLocation$ElementFinder$2.findElement(ElementLocation.java:165)\n\tat org.openqa.selenium.remote.ElementLocation.findElement(ElementLocation.java:59)\n\tat org.openqa.selenium.remote.RemoteWebDriver.findElement(RemoteWebDriver.java:355)\n\tat org.openqa.selenium.remote.RemoteWebDriver.findElement(RemoteWebDriver.java:349)\n\tat com.codeborne.selenide.impl.WebElementSelector.findElement(WebElementSelector.java:73)\n\tat com.codeborne.selenide.impl.WebElementSelector.findElement(WebElementSelector.java:46)\n\tat com.codeborne.selenide.impl.WebElementSelector.findElement(WebElementSelector.java:35)\n\tat com.codeborne.selenide.impl.ElementFinder.getWebElement(ElementFinder.java:122)\n\tat com.codeborne.selenide.impl.WebElementSource.checkConditionAndReturnElement(WebElementSource.java:115)\n\t... 42 more\n","flaky":false,"newFailed":false,"newBroken":false,"newPassed":false,"retriesCount":0,"retriesStatusChange":false,"beforeStages":[{"name":"beforeTest","time":{"start":1731944646453,"stop":1731944646454,"duration":1},"description":"","status":"passed","steps":[],"attachments":[],"parameters":[],"shouldDisplayMessage":false,"stepsCount":0,"attachmentsCount":0,"hasContent":false}],"testStage":{"status":"failed","statusMessage":"Element not found {span[aria-label*='#1']}\nExpected: visible\nScreenshot: file:/home/runner/work/teamcity-testing-framework/teamcity-testing-framework/build/reports/tests/1731944659381.0.png\nPage source: file:/home/runner/work/teamcity-testing-framework/teamcity-testing-framework/build/reports/tests/1731944659381.0.html\nTimeout: 4 s.\nCaused by: NoSuchElementException: no such element: Unable to locate element: {\"method\":\"css selector\",\"selector\":\"span[aria-label*='#1']\"}","statusTrace":"Element not found {span[aria-label*='#1']}\nExpected: visible\nScreenshot: file:/home/runner/work/teamcity-testing-framework/teamcity-testing-framework/build/reports/tests/1731944659381.0.png\nPage source: file:/home/runner/work/teamcity-testing-framework/teamcity-testing-framework/build/reports/tests/1731944659381.0.html\nTimeout: 4 s.\nCaused by: NoSuchElementException: no such element: Unable to locate element: {\"method\":\"css selector\",\"selector\":\"span[aria-label*='#1']\"}\n\tat com.codeborne.selenide.impl.WebElementSource.createElementNotFoundError(WebElementSource.java:90)\n\tat com.codeborne.selenide.impl.ElementFinder.createElementNotFoundError(ElementFinder.java:142)\n\tat com.codeborne.selenide.impl.WebElementSource.handleError(WebElementSource.java:142)\n\tat com.codeborne.selenide.impl.WebElementSource.checkConditionAndReturnElement(WebElementSource.java:126)\n\tat com.codeborne.selenide.impl.WebElementSource.checkCondition(WebElementSource.java:103)\n\tat com.codeborne.selenide.commands.Should.execute(Should.java:30)\n\tat com.codeborne.selenide.commands.Should.execute(Should.java:14)\n\tat com.codeborne.selenide.commands.Commands.execute(Commands.java:162)\n\tat com.codeborne.selenide.impl.SelenideElementProxy.dispatchAndRetry(SelenideElementProxy.java:134)\n\tat com.codeborne.selenide.impl.SelenideElementProxy.invoke(SelenideElementProxy.java:86)\n\tat jdk.proxy2/jdk.proxy2.$Proxy32.shouldBe(Unknown Source)\n\tat com.example.teamcity.ui.pages.BuildConfigurationPage.clickBuildElement(BuildConfigurationPage.java:51)\n\tat com.example.teamcity.ui.RunBuildTypeTest.userRunBuildTypeTest(RunBuildTypeTest.java:40)\n\tat java.base/jdk.internal.reflect.NativeMethodAccessorImpl.invoke0(Native Method)\n\tat java.base/jdk.internal.reflect.NativeMethodAccessorImpl.invoke(NativeMethodAccessorImpl.java:77)\n\tat java.base/jdk.internal.reflect.DelegatingMethodAccessorImpl.invoke(DelegatingMethodAccessorImpl.java:43)\n\tat java.base/java.lang.reflect.Method.invoke(Method.java:569)\n\tat org.testng.internal.invokers.MethodInvocationHelper.invokeMethod(MethodInvocationHelper.java:141)\n\tat org.testng.internal.invokers.TestInvoker.invokeMethod(TestInvoker.java:686)\n\tat org.testng.internal.invokers.TestInvoker.invokeTestMethod(TestInvoker.java:230)\n\tat org.testng.internal.invokers.MethodRunner.runInSequence(MethodRunner.java:63)\n\tat org.testng.internal.invokers.TestInvoker$MethodInvocationAgent.invoke(TestInvoker.java:992)\n\tat org.testng.internal.invokers.TestInvoker.invokeTestMethods(TestInvoker.java:203)\n\tat org.testng.internal.invokers.TestMethodWorker.invokeTestMethods(TestMethodWorker.java:154)\n\tat org.testng.internal.invokers.TestMethodWorker.run(TestMethodWorker.java:134)\n\tat java.base/java.util.ArrayList.forEach(ArrayList.java:1511)\n\tat org.testng.TestRunner.privateRun(TestRunner.java:739)\n\tat org.testng.TestRunner.run(TestRunner.java:614)\n\tat org.testng.SuiteRunner.runTest(SuiteRunner.java:421)\n\tat org.testng.SuiteRunner.runSequentially(SuiteRunner.java:413)\n\tat org.testng.SuiteRunner.privateRun(SuiteRunner.java:373)\n\tat org.testng.SuiteRunner.run(SuiteRunner.java:312)\n\tat org.testng.SuiteRunnerWorker.runSuite(SuiteRunnerWorker.java:52)\n\tat org.testng.SuiteRunnerWorker.run(SuiteRunnerWorker.java:95)\n\tat org.testng.TestNG.runSuitesSequentially(TestNG.java:1274)\n\tat org.testng.TestNG.runSuitesLocally(TestNG.java:1208)\n\tat org.testng.TestNG.runSuites(TestNG.java:1112)\n\tat org.testng.TestNG.run(TestNG.java:1079)\n\tat org.apache.maven.surefire.testng.TestNGExecutor.run(TestNGExecutor.java:155)\n\tat org.apache.maven.surefire.testng.TestNGDirectoryTestSuite.executeMulti(TestNGDirectoryTestSuite.java:169)\n\tat org.apache.maven.surefire.testng.TestNGDirectoryTestSuite.execute(TestNGDirectoryTestSuite.java:88)\n\tat org.apache.maven.surefire.testng.TestNGProvider.invoke(TestNGProvider.java:137)\n\tat org.apache.maven.surefire.booter.ForkedBooter.runSuitesInProcess(ForkedBooter.java:385)\n\tat org.apache.maven.surefire.booter.ForkedBooter.execute(ForkedBooter.java:162)\n\tat org.apache.maven.surefire.booter.ForkedBooter.run(ForkedBooter.java:507)\n\tat org.apache.maven.surefire.booter.ForkedBooter.main(ForkedBooter.java:495)\nCaused by: org.openqa.selenium.NoSuchElementException: no such element: Unable to locate element: {\"method\":\"css selector\",\"selector\":\"span[aria-label*='#1']\"}\n  (Session info: chrome=121.0.6167.85)\nFor documentation on this error, please visit: https://www.selenium.dev/documentation/webdriver/troubleshooting/errors#no-such-element-exception\nBuild info: version: '4.19.1', revision: 'abe0ee07dc'\nSystem info: os.name: 'Linux', os.arch: 'amd64', os.version: '6.5.0-1025-azure', java.version: '17.0.13'\nDriver info: org.openqa.selenium.remote.RemoteWebDriver\nCommand: [a66de90d7eb3e7d81a7ecc1d6d96cc2a, findElement {using=css selector, value=span[aria-label*='#1']}]\nCapabilities {acceptInsecureCerts: true, browserName: chrome, browserVersion: 121.0.6167.85, chrome: {chromedriverVersion: 121.0.6167.85 (3f98d690ad7e..., userDataDir: /tmp/.org.chromium.Chromium...}, fedcm:accounts: true, goog:chromeOptions: {debuggerAddress: localhost:43471}, networkConnectionEnabled: false, pageLoadStrategy: normal, platformName: linux, proxy: Proxy(), se:cdp: ws://localhost:4444/devtool..., se:cdpVersion: 121.0.6167.85, setWindowRect: true, strictFileInteractability: false, timeouts: {implicit: 0, pageLoad: 300000, script: 30000}, unhandledPromptBehavior: accept, webauthn:extension:credBlob: true, webauthn:extension:largeBlob: true, webauthn:extension:minPinLength: true, webauthn:extension:prf: true, webauthn:virtualAuthenticators: true}\nSession ID: a66de90d7eb3e7d81a7ecc1d6d96cc2a\n\tat jdk.internal.reflect.GeneratedConstructorAccessor20.newInstance(Unknown Source)\n\tat java.base/jdk.internal.reflect.DelegatingConstructorAccessorImpl.newInstance(DelegatingConstructorAccessorImpl.java:45)\n\tat java.base/java.lang.reflect.Constructor.newInstanceWithCaller(Constructor.java:500)\n\tat java.base/java.lang.reflect.Constructor.newInstance(Constructor.java:481)\n\tat org.openqa.selenium.remote.ErrorCodec.decode(ErrorCodec.java:167)\n\tat org.openqa.selenium.remote.codec.w3c.W3CHttpResponseCodec.decode(W3CHttpResponseCodec.java:138)\n\tat org.openqa.selenium.remote.codec.w3c.W3CHttpResponseCodec.decode(W3CHttpResponseCodec.java:50)\n\tat org.openqa.selenium.remote.HttpCommandExecutor.execute(HttpCommandExecutor.java:190)\n\tat org.openqa.selenium.remote.RemoteWebDriver.execute(RemoteWebDriver.java:518)\n\tat org.openqa.selenium.remote.ElementLocation$ElementFinder$2.findElement(ElementLocation.java:165)\n\tat org.openqa.selenium.remote.ElementLocation.findElement(ElementLocation.java:59)\n\tat org.openqa.selenium.remote.RemoteWebDriver.findElement(RemoteWebDriver.java:355)\n\tat org.openqa.selenium.remote.RemoteWebDriver.findElement(RemoteWebDriver.java:349)\n\tat com.codeborne.selenide.impl.WebElementSelector.findElement(WebElementSelector.java:73)\n\tat com.codeborne.selenide.impl.WebElementSelector.findElement(WebElementSelector.java:46)\n\tat com.codeborne.selenide.impl.WebElementSelector.findElement(WebElementSelector.java:35)\n\tat com.codeborne.selenide.impl.ElementFinder.getWebElement(ElementFinder.java:122)\n\tat com.codeborne.selenide.impl.WebElementSource.checkConditionAndReturnElement(WebElementSource.java:115)\n\t... 42 more\n","steps":[{"name":"Login as user","time":{"start":1731944646476,"stop":1731944646476,"duration":0},"status":"passed","steps":[],"attachments":[],"parameters":[],"shouldDisplayMessage":false,"stepsCount":0,"attachmentsCount":0,"hasContent":false},{"name":"Open login page","time":{"start":1731944646671,"stop":1731944649861,"duration":3190},"status":"passed","steps":[{"name":"$(\"open\") http://172.17.0.1:8111/login.html","time":{"start":1731944646671,"stop":1731944649860,"duration":3189},"status":"passed","steps":[{"name":"$(\"webdriver\") create()","time":{"start":1731944646671,"stop":1731944648879,"duration":2208},"status":"passed","steps":[],"attachments":[],"parameters":[],"shouldDisplayMessage":false,"stepsCount":0,"attachmentsCount":0,"hasContent":false}],"attachments":[],"parameters":[],"shouldDisplayMessage":false,"stepsCount":1,"attachmentsCount":0,"hasContent":true}],"attachments":[],"parameters":[],"shouldDisplayMessage":false,"stepsCount":2,"attachmentsCount":0,"hasContent":true},{"name":"$(\"#username\") val(test_smawJVrmEk)","time":{"start":1731944649861,"stop":1731944650351,"duration":490},"status":"passed","steps":[],"attachments":[],"parameters":[],"shouldDisplayMessage":false,"stepsCount":0,"attachmentsCount":0,"hasContent":false},{"name":"$(\"#password\") val(test_uQnKfvkmnc)","time":{"start":1731944650351,"stop":1731944650632,"duration":281},"status":"passed","steps":[],"attachments":[],"parameters":[],"shouldDisplayMessage":false,"stepsCount":0,"attachmentsCount":0,"hasContent":false},{"name":"$(\".loginButton\") click()","time":{"start":1731944650632,"stop":1731944650740,"duration":108},"status":"passed","steps":[],"attachments":[],"parameters":[],"shouldDisplayMessage":false,"stepsCount":0,"attachmentsCount":0,"hasContent":false},{"name":"$(\".MainPanel__router--gF > div\") should be([visible, 30 s.])","time":{"start":1731944650741,"stop":1731944652764,"duration":2023},"status":"passed","steps":[],"attachments":[],"parameters":[],"shouldDisplayMessage":false,"stepsCount":0,"attachmentsCount":0,"hasContent":false},{"name":"Create project -> API","time":{"start":1731944652764,"stop":1731944652764,"duration":0},"status":"passed","steps":[],"attachments":[],"parameters":[],"shouldDisplayMessage":false,"stepsCount":0,"attachmentsCount":0,"hasContent":false},{"name":"Create build type -> API","time":{"start":1731944652873,"stop":1731944652873,"duration":0},"status":"passed","steps":[],"attachments":[],"parameters":[],"shouldDisplayMessage":false,"stepsCount":0,"attachmentsCount":0,"hasContent":false},{"name":"Open Build Configuration Page and Run Build Type Configuration","time":{"start":1731944653197,"stop":1731944653197,"duration":0},"status":"passed","steps":[],"attachments":[],"parameters":[],"shouldDisplayMessage":false,"stepsCount":0,"attachmentsCount":0,"hasContent":false},{"name":"Open build configuration page","time":{"start":1731944653205,"stop":1731944654213,"duration":1008},"status":"passed","steps":[{"name":"$(\"open\") http://172.17.0.1:8111/buildConfiguration/test_XYMYopzMtI","time":{"start":1731944653205,"stop":1731944654212,"duration":1007},"status":"passed","steps":[],"attachments":[],"parameters":[],"shouldDisplayMessage":false,"stepsCount":0,"attachmentsCount":0,"hasContent":false}],"attachments":[],"parameters":[{"name":"projectName","value":"test_XYMYopzMtI"}],"shouldDisplayMessage":false,"stepsCount":1,"attachmentsCount":0,"hasContent":true},{"name":"$(\"button[data-test='run-build']\") click()","time":{"start":1731944654213,"stop":1731944655196,"duration":983},"status":"passed","steps":[],"attachments":[],"parameters":[],"shouldDisplayMessage":false,"stepsCount":0,"attachmentsCount":0,"hasContent":false},{"name":"$(\"span[aria-label*='#1']\") should be(visible)","time":{"start":1731944655196,"stop":1731944659979,"duration":4783},"status":"failed","statusMessage":"Element not found {span[aria-label*='#1']}\nExpected: visible\nScreenshot: file:/home/runner/work/teamcity-testing-framework/teamcity-testing-framework/build/reports/tests/1731944659381.0.png\nPage source: file:/home/runner/work/teamcity-testing-framework/teamcity-testing-framework/build/reports/tests/1731944659381.0.html\nTimeout: 4 s.\nCaused by: NoSuchElementException: no such element: Unable to locate element: {\"method\":\"css selector\",\"selector\":\"span[aria-label*='#1']\"}","statusTrace":"Element not found {span[aria-label*='#1']}\nExpected: visible\nScreenshot: file:/home/runner/work/teamcity-testing-framework/teamcity-testing-framework/build/reports/tests/1731944659381.0.png\nPage source: file:/home/runner/work/teamcity-testing-framework/teamcity-testing-framework/build/reports/tests/1731944659381.0.html\nTimeout: 4 s.\nCaused by: NoSuchElementException: no such element: Unable to locate element: {\"method\":\"css selector\",\"selector\":\"span[aria-label*='#1']\"}\n\tat com.codeborne.selenide.impl.WebElementSource.createElementNotFoundError(WebElementSource.java:90)\n\tat com.codeborne.selenide.impl.ElementFinder.createElementNotFoundError(ElementFinder.java:142)\n\tat com.codeborne.selenide.impl.WebElementSource.handleError(WebElementSource.java:142)\n\tat com.codeborne.selenide.impl.WebElementSource.checkConditionAndReturnElement(WebElementSource.java:126)\n\tat com.codeborne.selenide.impl.WebElementSource.checkCondition(WebElementSource.java:103)\n\tat com.codeborne.selenide.commands.Should.execute(Should.java:30)\n\tat com.codeborne.selenide.commands.Should.execute(Should.java:14)\n\tat com.codeborne.selenide.commands.Commands.execute(Commands.java:162)\n\tat com.codeborne.selenide.impl.SelenideElementProxy.dispatchAndRetry(SelenideElementProxy.java:134)\n\tat com.codeborne.selenide.impl.SelenideElementProxy.invoke(SelenideElementProxy.java:86)\n\tat jdk.proxy2/jdk.proxy2.$Proxy32.shouldBe(Unknown Source)\n\tat com.example.teamcity.ui.pages.BuildConfigurationPage.clickBuildElement(BuildConfigurationPage.java:51)\n\tat com.example.teamcity.ui.RunBuildTypeTest.userRunBuildTypeTest(RunBuildTypeTest.java:40)\n\tat java.base/jdk.internal.reflect.NativeMethodAccessorImpl.invoke0(Native Method)\n\tat java.base/jdk.internal.reflect.NativeMethodAccessorImpl.invoke(NativeMethodAccessorImpl.java:77)\n\tat java.base/jdk.internal.reflect.DelegatingMethodAccessorImpl.invoke(DelegatingMethodAccessorImpl.java:43)\n\tat java.base/java.lang.reflect.Method.invoke(Method.java:569)\n\tat org.testng.internal.invokers.MethodInvocationHelper.invokeMethod(MethodInvocationHelper.java:141)\n\tat org.testng.internal.invokers.TestInvoker.invokeMethod(TestInvoker.java:686)\n\tat org.testng.internal.invokers.TestInvoker.invokeTestMethod(TestInvoker.java:230)\n\tat org.testng.internal.invokers.MethodRunner.runInSequence(MethodRunner.java:63)\n\tat org.testng.internal.invokers.TestInvoker$MethodInvocationAgent.invoke(TestInvoker.java:992)\n\tat org.testng.internal.invokers.TestInvoker.invokeTestMethods(TestInvoker.java:203)\n\tat org.testng.internal.invokers.TestMethodWorker.invokeTestMethods(TestMethodWorker.java:154)\n\tat org.testng.internal.invokers.TestMethodWorker.run(TestMethodWorker.java:134)\n\tat java.base/java.util.ArrayList.forEach(ArrayList.java:1511)\n\tat org.testng.TestRunner.privateRun(TestRunner.java:739)\n\tat org.testng.TestRunner.run(TestRunner.java:614)\n\tat org.testng.SuiteRunner.runTest(SuiteRunner.java:421)\n\tat org.testng.SuiteRunner.runSequentially(SuiteRunner.java:413)\n\tat org.testng.SuiteRunner.privateRun(SuiteRunner.java:373)\n\tat org.testng.SuiteRunner.run(SuiteRunner.java:312)\n\tat org.testng.SuiteRunnerWorker.runSuite(SuiteRunnerWorker.java:52)\n\tat org.testng.SuiteRunnerWorker.run(SuiteRunnerWorker.java:95)\n\tat org.testng.TestNG.runSuitesSequentially(TestNG.java:1274)\n\tat org.testng.TestNG.runSuitesLocally(TestNG.java:1208)\n\tat org.testng.TestNG.runSuites(TestNG.java:1112)\n\tat org.testng.TestNG.run(TestNG.java:1079)\n\tat org.apache.maven.surefire.testng.TestNGExecutor.run(TestNGExecutor.java:155)\n\tat org.apache.maven.surefire.testng.TestNGDirectoryTestSuite.executeMulti(TestNGDirectoryTestSuite.java:169)\n\tat org.apache.maven.surefire.testng.TestNGDirectoryTestSuite.execute(TestNGDirectoryTestSuite.java:88)\n\tat org.apache.maven.surefire.testng.TestNGProvider.invoke(TestNGProvider.java:137)\n\tat org.apache.maven.surefire.booter.ForkedBooter.runSuitesInProcess(ForkedBooter.java:385)\n\tat org.apache.maven.surefire.booter.ForkedBooter.execute(ForkedBooter.java:162)\n\tat org.apache.maven.surefire.booter.ForkedBooter.run(ForkedBooter.java:507)\n\tat org.apache.maven.surefire.booter.ForkedBooter.main(ForkedBooter.java:495)\nCaused by: org.openqa.selenium.NoSuchElementException: no such element: Unable to locate element: {\"method\":\"css selector\",\"selector\":\"span[aria-label*='#1']\"}\n  (Session info: chrome=121.0.6167.85)\nFor documentation on this error, please visit: https://www.selenium.dev/documentation/webdriver/troubleshooting/errors#no-such-element-exception\nBuild info: version: '4.19.1', revision: 'abe0ee07dc'\nSystem info: os.name: 'Linux', os.arch: 'amd64', os.version: '6.5.0-1025-azure', java.version: '17.0.13'\nDriver info: org.openqa.selenium.remote.RemoteWebDriver\nCommand: [a66de90d7eb3e7d81a7ecc1d6d96cc2a, findElement {using=css selector, value=span[aria-label*='#1']}]\nCapabilities {acceptInsecureCerts: true, browserName: chrome, browserVersion: 121.0.6167.85, chrome: {chromedriverVersion: 121.0.6167.85 (3f98d690ad7e..., userDataDir: /tmp/.org.chromium.Chromium...}, fedcm:accounts: true, goog:chromeOptions: {debuggerAddress: localhost:43471}, networkConnectionEnabled: false, pageLoadStrategy: normal, platformName: linux, proxy: Proxy(), se:cdp: ws://localhost:4444/devtool..., se:cdpVersion: 121.0.6167.85, setWindowRect: true, strictFileInteractability: false, timeouts: {implicit: 0, pageLoad: 300000, script: 30000}, unhandledPromptBehavior: accept, webauthn:extension:credBlob: true, webauthn:extension:largeBlob: true, webauthn:extension:minPinLength: true, webauthn:extension:prf: true, webauthn:virtualAuthenticators: true}\nSession ID: a66de90d7eb3e7d81a7ecc1d6d96cc2a\n\tat jdk.internal.reflect.GeneratedConstructorAccessor20.newInstance(Unknown Source)\n\tat java.base/jdk.internal.reflect.DelegatingConstructorAccessorImpl.newInstance(DelegatingConstructorAccessorImpl.java:45)\n\tat java.base/java.lang.reflect.Constructor.newInstanceWithCaller(Constructor.java:500)\n\tat java.base/java.lang.reflect.Constructor.newInstance(Constructor.java:481)\n\tat org.openqa.selenium.remote.ErrorCodec.decode(ErrorCodec.java:167)\n\tat org.openqa.selenium.remote.codec.w3c.W3CHttpResponseCodec.decode(W3CHttpResponseCodec.java:138)\n\tat org.openqa.selenium.remote.codec.w3c.W3CHttpResponseCodec.decode(W3CHttpResponseCodec.java:50)\n\tat org.openqa.selenium.remote.HttpCommandExecutor.execute(HttpCommandExecutor.java:190)\n\tat org.openqa.selenium.remote.RemoteWebDriver.execute(RemoteWebDriver.java:518)\n\tat org.openqa.selenium.remote.ElementLocation$ElementFinder$2.findElement(ElementLocation.java:165)\n\tat org.openqa.selenium.remote.ElementLocation.findElement(ElementLocation.java:59)\n\tat org.openqa.selenium.remote.RemoteWebDriver.findElement(RemoteWebDriver.java:355)\n\tat org.openqa.selenium.remote.RemoteWebDriver.findElement(RemoteWebDriver.java:349)\n\tat com.codeborne.selenide.impl.WebElementSelector.findElement(WebElementSelector.java:73)\n\tat com.codeborne.selenide.impl.WebElementSelector.findElement(WebElementSelector.java:46)\n\tat com.codeborne.selenide.impl.WebElementSelector.findElement(WebElementSelector.java:35)\n\tat com.codeborne.selenide.impl.ElementFinder.getWebElement(ElementFinder.java:122)\n\tat com.codeborne.selenide.impl.WebElementSource.checkConditionAndReturnElement(WebElementSource.java:115)\n\t... 42 more\n","steps":[],"attachments":[{"uid":"1efb2c4496510a70","name":"Screenshot","source":"1efb2c4496510a70.png","type":"image/png","size":116401},{"uid":"179806980384f007","name":"Page source","source":"179806980384f007.html","type":"text/html","size":231110}],"parameters":[],"shouldDisplayMessage":true,"stepsCount":0,"attachmentsCount":2,"hasContent":true}],"attachments":[{"uid":"5bb663e6ea0766cd","name":"Request","source":"5bb663e6ea0766cd.html","type":"text/html","size":1357},{"uid":"f5dd23cf78852e1b","name":"HTTP/1.1 200 ","source":"f5dd23cf78852e1b.html","type":"text/html","size":2124},{"uid":"59521870a82e68","name":"Request","source":"59521870a82e68.html","type":"text/html","size":1105},{"uid":"5abf3c55c66fddeb","name":"HTTP/1.1 200 ","source":"5abf3c55c66fddeb.html","type":"text/html","size":2270},{"uid":"f88ce98fb7d2d119","name":"Request","source":"f88ce98fb7d2d119.html","type":"text/html","size":3463},{"uid":"52f979ee8a3aa8aa","name":"HTTP/1.1 200 ","source":"52f979ee8a3aa8aa.html","type":"text/html","size":4018}],"parameters":[],"shouldDisplayMessage":false,"stepsCount":15,"attachmentsCount":8,"hasContent":true},"afterStages":[{"name":"closeWebDriver","time":{"start":1731944660004,"stop":1731944660112,"duration":108},"description":"","status":"passed","steps":[{"name":"$(\"webdriver\") close()","time":{"start":1731944660004,"stop":1731944660112,"duration":108},"status":"passed","steps":[],"attachments":[],"parameters":[],"shouldDisplayMessage":false,"stepsCount":0,"attachmentsCount":0,"hasContent":false}],"attachments":[],"parameters":[],"shouldDisplayMessage":false,"stepsCount":1,"attachmentsCount":0,"hasContent":true},{"name":"afterTest","time":{"start":1731944660115,"stop":1731944660473,"duration":358},"description":"","status":"passed","steps":[],"attachments":[{"uid":"d67bf6e9419ba195","name":"Request","source":"d67bf6e9419ba195.html","type":"text/html","size":620},{"uid":"ae5e5c0f1c1344f6","name":"HTTP/1.1 204 ","source":"ae5e5c0f1c1344f6.html","type":"text/html","size":478},{"uid":"e0cf01e83419519e","name":"Request","source":"e0cf01e83419519e.html","type":"text/html","size":616},{"uid":"352db670d9766905","name":"HTTP/1.1 204 ","source":"352db670d9766905.html","type":"text/html","size":478},{"uid":"5287a99b2ce8c8d0","name":"Request","source":"5287a99b2ce8c8d0.html","type":"text/html","size":582},{"uid":"ea936408a7cdd4f8","name":"HTTP/1.1 204 ","source":"ea936408a7cdd4f8.html","type":"text/html","size":478}],"parameters":[],"shouldDisplayMessage":false,"stepsCount":0,"attachmentsCount":6,"hasContent":true}],"labels":[{"name":"package","value":"com.example.teamcity.ui.RunBuildTypeTest"},{"name":"testClass","value":"com.example.teamcity.ui.RunBuildTypeTest"},{"name":"testMethod","value":"userRunBuildTypeTest"},{"name":"parentSuite","value":"Surefire suite"},{"name":"suite","value":"Surefire test"},{"name":"subSuite","value":"com.example.teamcity.ui.RunBuildTypeTest"},{"name":"host","value":"fv-az1146-599"},{"name":"thread","value":"4313@fv-az1146-599.main(1)"},{"name":"framework","value":"testng"},{"name":"language","value":"java"},{"name":"resultFormat","value":"allure2"}],"parameters":[],"links":[],"hidden":false,"retry":false,"extra":{"severity":"normal","retries":[],"categories":[{"name":"Product defects","matchedStatuses":[],"flaky":false}],"history":{"statistic":{"failed":37,"broken":0,"skipped":0,"passed":0,"unknown":0,"total":37},"items":[{"uid":"b32001593abf3577","reportUrl":"https://engy-engy.github.io/teamcity-testing-framework/ui/89//#testresult/b32001593abf3577","status":"failed","statusDetails":"Element not found {span[aria-label*='#1']}\nExpected: visible\nScreenshot: file:/home/runner/work/teamcity-testing-framework/teamcity-testing-framework/build/reports/tests/1731905026075.0.png\nPage source: file:/home/runner/work/teamcity-testing-framework/teamcity-testing-framework/build/reports/tests/1731905026075.0.html\nTimeout: 4 s.\nCaused by: NoSuchElementException: no such element: Unable to locate element: {\"method\":\"css selector\",\"selector\":\"span[aria-label*='#1']\"}","time":{"start":1731905014332,"stop":1731905026695,"duration":12363}},{"uid":"e402a144960d6ad7","reportUrl":"https://engy-engy.github.io/teamcity-testing-framework/ui/88//#testresult/e402a144960d6ad7","status":"failed","statusDetails":"Element not found {span[aria-label*='#1']}\nExpected: visible\nScreenshot: file:/home/runner/work/teamcity-testing-framework/teamcity-testing-framework/build/reports/tests/1731899090109.0.png\nPage source: file:/home/runner/work/teamcity-testing-framework/teamcity-testing-framework/build/reports/tests/1731899090109.0.html\nTimeout: 4 s.\nCaused by: NoSuchElementException: no such element: Unable to locate element: {\"method\":\"css selector\",\"selector\":\"span[aria-label*='#1']\"}","time":{"start":1731899078534,"stop":1731899090718,"duration":12184}},{"uid":"a751b7110fdd9aa8","reportUrl":"https://engy-engy.github.io/teamcity-testing-framework/ui/88//#testresult/a751b7110fdd9aa8","status":"failed","statusDetails":"Element not found {span[aria-label*='#1']}\nExpected: visible\nScreenshot: file:/home/runner/work/teamcity-testing-framework/teamcity-testing-framework/build/reports/tests/1731865340138.0.png\nPage source: file:/home/runner/work/teamcity-testing-framework/teamcity-testing-framework/build/reports/tests/1731865340138.0.html\nTimeout: 4 s.\nCaused by: NoSuchElementException: no such element: Unable to locate element: {\"method\":\"css selector\",\"selector\":\"span[aria-label*='#1']\"}","time":{"start":1731865328595,"stop":1731865340704,"duration":12109}},{"uid":"5e83076790be1ded","reportUrl":"https://engy-engy.github.io/teamcity-testing-framework/ui/87//#testresult/5e83076790be1ded","status":"failed","statusDetails":"Element not found {span[aria-label*='#1']}\nExpected: visible\nScreenshot: file:/home/runner/work/teamcity-testing-framework/teamcity-testing-framework/build/reports/tests/1731863580632.0.png\nPage source: file:/home/runner/work/teamcity-testing-framework/teamcity-testing-framework/build/reports/tests/1731863580632.0.html\nTimeout: 4 s.\nCaused by: NoSuchElementException: no such element: Unable to locate element: {\"method\":\"css selector\",\"selector\":\"span[aria-label*='#1']\"}","time":{"start":1731863569002,"stop":1731863581257,"duration":12255}},{"uid":"306fbef5863d2933","reportUrl":"https://engy-engy.github.io/teamcity-testing-framework/ui/85//#testresult/306fbef5863d2933","status":"failed","statusDetails":"Element not found {span[aria-label*='#1']}\nExpected: visible\nScreenshot: file:/home/runner/work/teamcity-testing-framework/teamcity-testing-framework/build/reports/tests/1731862511850.0.png\nPage source: file:/home/runner/work/teamcity-testing-framework/teamcity-testing-framework/build/reports/tests/1731862511850.0.html\nTimeout: 4 s.\nCaused by: NoSuchElementException: no such element: Unable to locate element: {\"method\":\"css selector\",\"selector\":\"span[aria-label*='#1']\"}","time":{"start":1731862499204,"stop":1731862512550,"duration":13346}},{"uid":"b4a4a2a51bdccb67","reportUrl":"https://engy-engy.github.io/teamcity-testing-framework/ui/84//#testresult/b4a4a2a51bdccb67","status":"failed","statusDetails":"Element not found {span[aria-label*='#1']}\nExpected: visible\nScreenshot: file:/home/runner/work/teamcity-testing-framework/teamcity-testing-framework/build/reports/tests/1731861899048.0.png\nPage source: file:/home/runner/work/teamcity-testing-framework/teamcity-testing-framework/build/reports/tests/1731861899048.0.html\nTimeout: 4 s.\nCaused by: NoSuchElementException: no such element: Unable to locate element: {\"method\":\"css selector\",\"selector\":\"span[aria-label*='#1']\"}","time":{"start":1731861887095,"stop":1731861899672,"duration":12577}},{"uid":"1bd735fdb97193eb","reportUrl":"https://engy-engy.github.io/teamcity-testing-framework/ui/83//#testresult/1bd735fdb97193eb","status":"failed","statusDetails":"Element not found {span[aria-label*='#1']}\nExpected: visible\nScreenshot: file:/home/runner/work/teamcity-testing-framework/teamcity-testing-framework/build/reports/tests/1731861862604.0.png\nPage source: file:/home/runner/work/teamcity-testing-framework/teamcity-testing-framework/build/reports/tests/1731861862604.0.html\nTimeout: 4 s.\nCaused by: NoSuchElementException: no such element: Unable to locate element: {\"method\":\"css selector\",\"selector\":\"span[aria-label*='#1']\"}","time":{"start":1731861848847,"stop":1731861863192,"duration":14345}},{"uid":"82bd2893acde57d0","reportUrl":"https://engy-engy.github.io/teamcity-testing-framework/ui/80//#testresult/82bd2893acde57d0","status":"failed","statusDetails":"Element not found {span[aria-label*='#1']}\nExpected: visible\nScreenshot: file:/home/runner/work/teamcity-testing-framework/teamcity-testing-framework/build/reports/tests/1731861823755.0.png\nPage source: file:/home/runner/work/teamcity-testing-framework/teamcity-testing-framework/build/reports/tests/1731861823755.0.html\nTimeout: 4 s.\nCaused by: NoSuchElementException: no such element: Unable to locate element: {\"method\":\"css selector\",\"selector\":\"span[aria-label*='#1']\"}","time":{"start":1731861811338,"stop":1731861824378,"duration":13040}},{"uid":"88dab01671880a0e","reportUrl":"https://engy-engy.github.io/teamcity-testing-framework/ui/79//#testresult/88dab01671880a0e","status":"failed","statusDetails":"Element not found {span[aria-label*='#1']}\nExpected: visible\nScreenshot: file:/home/runner/work/teamcity-testing-framework/teamcity-testing-framework/build/reports/tests/1731861315738.0.png\nPage source: file:/home/runner/work/teamcity-testing-framework/teamcity-testing-framework/build/reports/tests/1731861315738.0.html\nTimeout: 4 s.\nCaused by: NoSuchElementException: no such element: Unable to locate element: {\"method\":\"css selector\",\"selector\":\"span[aria-label*='#1']\"}","time":{"start":1731861303700,"stop":1731861316286,"duration":12586}},{"uid":"276453d7a4957233","reportUrl":"https://engy-engy.github.io/teamcity-testing-framework/ui/78//#testresult/276453d7a4957233","status":"failed","statusDetails":"Element not found {span[aria-label*='#1']}\nExpected: visible\nScreenshot: file:/home/runner/work/teamcity-testing-framework/teamcity-testing-framework/build/reports/tests/1731860946432.0.png\nPage source: file:/home/runner/work/teamcity-testing-framework/teamcity-testing-framework/build/reports/tests/1731860946432.0.html\nTimeout: 4 s.\nCaused by: NoSuchElementException: no such element: Unable to locate element: {\"method\":\"css selector\",\"selector\":\"span[aria-label*='#1']\"}","time":{"start":1731860934667,"stop":1731860947191,"duration":12524}},{"uid":"da358cd3164c514e","reportUrl":"https://engy-engy.github.io/teamcity-testing-framework/ui/77//#testresult/da358cd3164c514e","status":"failed","statusDetails":"Element not found {span[aria-label*='#1']}\nExpected: visible\nScreenshot: file:/home/runner/work/teamcity-testing-framework/teamcity-testing-framework/build/reports/tests/1731860582535.0.png\nPage source: file:/home/runner/work/teamcity-testing-framework/teamcity-testing-framework/build/reports/tests/1731860582535.0.html\nTimeout: 4 s.\nCaused by: NoSuchElementException: no such element: Unable to locate element: {\"method\":\"css selector\",\"selector\":\"span[aria-label*='#1']\"}","time":{"start":1731860571001,"stop":1731860583167,"duration":12166}},{"uid":"55e4025cd8510c41","reportUrl":"https://engy-engy.github.io/teamcity-testing-framework/ui/76//#testresult/55e4025cd8510c41","status":"failed","statusDetails":"Element not found {span[aria-label*='#1']}\nExpected: visible\nScreenshot: file:/home/runner/work/teamcity-testing-framework/teamcity-testing-framework/build/reports/tests/1731859789934.0.png\nPage source: file:/home/runner/work/teamcity-testing-framework/teamcity-testing-framework/build/reports/tests/1731859789934.0.html\nTimeout: 4 s.\nCaused by: NoSuchElementException: no such element: Unable to locate element: {\"method\":\"css selector\",\"selector\":\"span[aria-label*='#1']\"}","time":{"start":1731859778199,"stop":1731859790574,"duration":12375}},{"uid":"ced80d54d379356f","reportUrl":"https://engy-engy.github.io/teamcity-testing-framework/ui/74//#testresult/ced80d54d379356f","status":"failed","statusDetails":"Element not found {span[aria-label*='#1']}\nExpected: visible\nScreenshot: file:/home/runner/work/teamcity-testing-framework/teamcity-testing-framework/build/reports/tests/1731858823012.0.png\nPage source: file:/home/runner/work/teamcity-testing-framework/teamcity-testing-framework/build/reports/tests/1731858823012.0.html\nTimeout: 4 s.\nCaused by: NoSuchElementException: no such element: Unable to locate element: {\"method\":\"css selector\",\"selector\":\"span[aria-label*='#1']\"}","time":{"start":1731858809851,"stop":1731858823696,"duration":13845}},{"uid":"2693bcc17396e35a","reportUrl":"https://engy-engy.github.io/teamcity-testing-framework/ui/72//#testresult/2693bcc17396e35a","status":"failed","statusDetails":"Element not found {span[aria-label*='#1']}\nExpected: visible\nScreenshot: file:/home/runner/work/teamcity-testing-framework/teamcity-testing-framework/build/reports/tests/1731857472754.0.png\nPage source: file:/home/runner/work/teamcity-testing-framework/teamcity-testing-framework/build/reports/tests/1731857472754.0.html\nTimeout: 4 s.\nCaused by: NoSuchElementException: no such element: Unable to locate element: {\"method\":\"css selector\",\"selector\":\"span[aria-label*='#1']\"}","time":{"start":1731857460988,"stop":1731857473422,"duration":12434}},{"uid":"538006845091b852","reportUrl":"https://engy-engy.github.io/teamcity-testing-framework/ui/71//#testresult/538006845091b852","status":"failed","statusDetails":"Element not found {span[aria-label*='#1']}\nExpected: visible\nScreenshot: file:/home/runner/work/teamcity-testing-framework/teamcity-testing-framework/build/reports/tests/1731856962420.0.png\nPage source: file:/home/runner/work/teamcity-testing-framework/teamcity-testing-framework/build/reports/tests/1731856962420.0.html\nTimeout: 4 s.\nCaused by: NoSuchElementException: no such element: Unable to locate element: {\"method\":\"css selector\",\"selector\":\"span[aria-label*='#1']\"}","time":{"start":1731856951095,"stop":1731856963076,"duration":11981}},{"uid":"e20e9a26e3e430b6","reportUrl":"https://engy-engy.github.io/teamcity-testing-framework/ui/70//#testresult/e20e9a26e3e430b6","status":"failed","statusDetails":"Element not found {span[aria-label*='#1']}\nExpected: visible\nScreenshot: file:/home/runner/work/teamcity-testing-framework/teamcity-testing-framework/build/reports/tests/1731855940716.0.png\nPage source: file:/home/runner/work/teamcity-testing-framework/teamcity-testing-framework/build/reports/tests/1731855940716.0.html\nTimeout: 4 s.\nCaused by: NoSuchElementException: no such element: Unable to locate element: {\"method\":\"css selector\",\"selector\":\"span[aria-label*='#1']\"}","time":{"start":1731855929303,"stop":1731855941464,"duration":12161}},{"uid":"ad96bfcbc45d3c90","reportUrl":"https://engy-engy.github.io/teamcity-testing-framework/ui/69//#testresult/ad96bfcbc45d3c90","status":"failed","statusDetails":"Element not found {span[aria-label*='#1']}\nExpected: visible\nScreenshot: file:/home/runner/work/teamcity-testing-framework/teamcity-testing-framework/build/reports/tests/1731855267622.0.png\nPage source: file:/home/runner/work/teamcity-testing-framework/teamcity-testing-framework/build/reports/tests/1731855267622.0.html\nTimeout: 4 s.\nCaused by: NoSuchElementException: no such element: Unable to locate element: {\"method\":\"css selector\",\"selector\":\"span[aria-label*='#1']\"}","time":{"start":1731855255110,"stop":1731855268310,"duration":13200}},{"uid":"a4794deaf12a6cc4","reportUrl":"https://engy-engy.github.io/teamcity-testing-framework/ui/68//#testresult/a4794deaf12a6cc4","status":"failed","statusDetails":"Element not found {span[aria-label*='#1']}\nExpected: visible\nScreenshot: file:/home/runner/work/teamcity-testing-framework/teamcity-testing-framework/build/reports/tests/1731855212768.0.png\nPage source: file:/home/runner/work/teamcity-testing-framework/teamcity-testing-framework/build/reports/tests/1731855212768.0.html\nTimeout: 4 s.\nCaused by: NoSuchElementException: no such element: Unable to locate element: {\"method\":\"css selector\",\"selector\":\"span[aria-label*='#1']\"}","time":{"start":1731855200724,"stop":1731855213524,"duration":12800}},{"uid":"fbae0b9a04d13c94","reportUrl":"https://engy-engy.github.io/teamcity-testing-framework/ui/67//#testresult/fbae0b9a04d13c94","status":"failed","statusDetails":"Element not found {span[aria-label*='#1']}\nExpected: visible\nScreenshot: file:/home/runner/work/teamcity-testing-framework/teamcity-testing-framework/build/reports/tests/1731854781992.0.png\nPage source: file:/home/runner/work/teamcity-testing-framework/teamcity-testing-framework/build/reports/tests/1731854781992.0.html\nTimeout: 4 s.\nCaused by: NoSuchElementException: no such element: Unable to locate element: {\"method\":\"css selector\",\"selector\":\"span[aria-label*='#1']\"}","time":{"start":1731854769726,"stop":1731854782530,"duration":12804}},{"uid":"14750baa341ceb25","reportUrl":"https://engy-engy.github.io/teamcity-testing-framework/ui/66//#testresult/14750baa341ceb25","status":"failed","statusDetails":"Element not found {span[aria-label*='#1']}\nExpected: visible\nScreenshot: file:/home/runner/work/teamcity-testing-framework/teamcity-testing-framework/build/reports/tests/1731854208368.0.png\nPage source: file:/home/runner/work/teamcity-testing-framework/teamcity-testing-framework/build/reports/tests/1731854208368.0.html\nTimeout: 4 s.\nCaused by: NoSuchElementException: no such element: Unable to locate element: {\"method\":\"css selector\",\"selector\":\"span[aria-label*='#1']\"}","time":{"start":1731854196792,"stop":1731854208926,"duration":12134}}]},"tags":[]},"source":"fb65ad2536d37ea7.json","parameterValues":[]}